


ARM Macro Assembler    Page 1 


    1 00000000                 AREA             RESET,DATA,READONLY
    2 00000000                 EXPORT           __Vectors
    3 00000000         
    4 00000000         __Vectors
    5 00000000 40001000        DCD              0x40001000
    6 00000004 00000000        DCD              Reset_Handler
    7 00000008                 ALIGN
    8 00000008                 AREA             mycode, CODE, READONLY
    9 00000000                 ENTRY
   10 00000000                 EXPORT           Reset_Handler
   11 00000000         Reset_Handler
   12 00000000 4906            LDR              R1, =Value1
   13 00000002 4A07            LDR              R2, =Value2
   14 00000004 FBA2 3401       UMULL            R3, R4, R2, R1
   15 00000008 4A06            LDR              R2, =Result
   16 0000000A 6014            STR              R4, [R2]
   17 0000000C F102 0204       ADD              R2, #4
   18 00000010 6013            STR              R3, [R2]
   19 00000012         STOP
   20 00000012 E7FE            B                STOP
   21 00000014 54000000 
                       Value1  DCD              0X54000000
   22 00000018 10000002 
                       Value2  DCD              0X10000002
   23 0000001C 00000000 
              00000000 
              00000000         AREA             mydata, DATA, READWRITE
   24 00000000 00000000 
                       Result  DCD              0
   25 00000004                 END
Command Line: --debug --xref --cpu=Cortex-M3 --apcs=interwork --depend=.\mult32
.d -o.\mult32.o -IC:\Keil\ARM\RV31\INC -IC:\Keil\ARM\CMSIS\Include -IC:\Keil\AR
M\Inc\NXP\LPC17xx --predefine="__EVAL SETA 1" --list=.\mult32.lst Mult32.s



ARM Macro Assembler    Page 1 Alphabetic symbol ordering
Relocatable symbols

RESET 00000000

Symbol: RESET
   Definitions
      At line 1 in file Mult32.s
   Uses
      None
Comment: RESET unused
__Vectors 00000000

Symbol: __Vectors
   Definitions
      At line 4 in file Mult32.s
   Uses
      At line 2 in file Mult32.s
Comment: __Vectors used once
2 symbols



ARM Macro Assembler    Page 1 Alphabetic symbol ordering
Relocatable symbols

Reset_Handler 00000000

Symbol: Reset_Handler
   Definitions
      At line 11 in file Mult32.s
   Uses
      At line 6 in file Mult32.s
      At line 10 in file Mult32.s

STOP 00000012

Symbol: STOP
   Definitions
      At line 19 in file Mult32.s
   Uses
      At line 20 in file Mult32.s
Comment: STOP used once
Value1 00000014

Symbol: Value1
   Definitions
      At line 21 in file Mult32.s
   Uses
      At line 12 in file Mult32.s
Comment: Value1 used once
Value2 00000018

Symbol: Value2
   Definitions
      At line 22 in file Mult32.s
   Uses
      At line 13 in file Mult32.s
Comment: Value2 used once
mycode 00000000

Symbol: mycode
   Definitions
      At line 8 in file Mult32.s
   Uses
      None
Comment: mycode unused
5 symbols



ARM Macro Assembler    Page 1 Alphabetic symbol ordering
Relocatable symbols

Result 00000000

Symbol: Result
   Definitions
      At line 24 in file Mult32.s
   Uses
      At line 15 in file Mult32.s
Comment: Result used once
mydata 00000000

Symbol: mydata
   Definitions
      At line 23 in file Mult32.s
   Uses
      None
Comment: mydata unused
2 symbols
342 symbols in table
