


ARM Macro Assembler    Page 1 


    1 00000000                 AREA             RESET, DATA, READONLY
    2 00000000                 EXPORT           __Vectors
    3 00000000         
    4 00000000         __Vectors
    5 00000000 10001000        DCD              0x10001000
    6 00000004 00000000        DCD              Reset_Handler
    7 00000008                 ALIGN
    8 00000008                 AREA             mycode,CODE, READONLY
    9 00000000                 ENTRY
   10 00000000                 EXPORT           Reset_Handler
   11 00000000         
   12 00000000         Reset_Handler
   13 00000000 480C            LDR              R0, =SRC
   14 00000002 F04F 0401       LDR              R4, =1
   15 00000006 F04F 060A       MOV              R6, #10
   16 0000000A F04F 0705       MOV              R7, #5
   17 0000000E F840 4B04 
                       st      STR              R4, [R0], #4
   18 00000012 FB04 F407       MUL              R4, R7
   19 00000016 3E01            SUBS             R6, #1
   20 00000018 D1F9            BNE              st
   21 0000001A 4D07            LDR              R5, =N
   22 0000001C 4807            LDR              R0, =SRC + (N-1)*4
   23 0000001E 4601            MOV              R1, R0
   24 00000020 F1A1 0104       SUB              R1, #(OL-1)*4
   25 00000024 F101 0124       ADD              R1, #(N-1)*4
   26 00000028 F850 2904 
                       up      LDR              R2, [R0], #-4
   27 0000002C F841 2904       STR              R2, [R1], #-4
   28 00000030 3D01            SUBS             R5, #1
   29 00000032 D1F9            BNE              up
   30 00000034         
   31 00000034 0000000A 
                       N       equ              10
   32 00000034 00000002 
                       OL      equ              2
   33 00000034         
   34 00000034 00000000 
              0000000A 
              00000024         AREA             mydata, DATA, READWRITE
   35 00000000 00000000 
              00000000 
              00000000 
              00000000 
              00000000 
              00000000 
              00000000 
              00000000 
              00000000 
              00000000 SRC     DCD              0,0,0,0,0,0,0,0,0,0
   36 00000028                 END
Command Line: --debug --xref --cpu=Cortex-M3 --apcs=interwork --depend=.\move_o
verlap.d -o.\move_overlap.o -IC:\Keil\ARM\RV31\INC -IC:\Keil\ARM\CMSIS\Include 
-IC:\Keil\ARM\Inc\NXP\LPC17xx --predefine="__EVAL SETA 1" --list=.\move_overlap
.lst Move_Overlap\Move_Overlap.s



ARM Macro Assembler    Page 1 Alphabetic symbol ordering
Relocatable symbols

RESET 00000000

Symbol: RESET
   Definitions
      At line 1 in file Move_Overlap\Move_Overlap.s
   Uses
      None
Comment: RESET unused
__Vectors 00000000

Symbol: __Vectors
   Definitions
      At line 4 in file Move_Overlap\Move_Overlap.s
   Uses
      At line 2 in file Move_Overlap\Move_Overlap.s
Comment: __Vectors used once
2 symbols



ARM Macro Assembler    Page 1 Alphabetic symbol ordering
Relocatable symbols

Reset_Handler 00000000

Symbol: Reset_Handler
   Definitions
      At line 12 in file Move_Overlap\Move_Overlap.s
   Uses
      At line 6 in file Move_Overlap\Move_Overlap.s
      At line 10 in file Move_Overlap\Move_Overlap.s

mycode 00000000

Symbol: mycode
   Definitions
      At line 8 in file Move_Overlap\Move_Overlap.s
   Uses
      None
Comment: mycode unused
st 0000000E

Symbol: st
   Definitions
      At line 17 in file Move_Overlap\Move_Overlap.s
   Uses
      At line 20 in file Move_Overlap\Move_Overlap.s
Comment: st used once
up 00000028

Symbol: up
   Definitions
      At line 26 in file Move_Overlap\Move_Overlap.s
   Uses
      At line 29 in file Move_Overlap\Move_Overlap.s
Comment: up used once
4 symbols



ARM Macro Assembler    Page 1 Alphabetic symbol ordering
Relocatable symbols

SRC 00000000

Symbol: SRC
   Definitions
      At line 35 in file Move_Overlap\Move_Overlap.s
   Uses
      At line 13 in file Move_Overlap\Move_Overlap.s
      At line 22 in file Move_Overlap\Move_Overlap.s

mydata 00000000

Symbol: mydata
   Definitions
      At line 34 in file Move_Overlap\Move_Overlap.s
   Uses
      None
Comment: mydata unused
2 symbols



ARM Macro Assembler    Page 1 Alphabetic symbol ordering
Absolute symbols

N 0000000A

Symbol: N
   Definitions
      At line 31 in file Move_Overlap\Move_Overlap.s
   Uses
      At line 21 in file Move_Overlap\Move_Overlap.s
      At line 22 in file Move_Overlap\Move_Overlap.s
      At line 25 in file Move_Overlap\Move_Overlap.s

OL 00000002

Symbol: OL
   Definitions
      At line 32 in file Move_Overlap\Move_Overlap.s
   Uses
      At line 24 in file Move_Overlap\Move_Overlap.s
Comment: OL used once
2 symbols
343 symbols in table
