


ARM Macro Assembler    Page 1 


    1 00000000                 AREA             RESET, DATA, READONLY
    2 00000000                 EXPORT           __Vectors
    3 00000000         __Vectors
    4 00000000 10001000        DCD              0x10001000
    5 00000004 00000000        DCD              Reset_Handler
    6 00000008                 ALIGN
    7 00000008                 AREA             mycode, CODE, READONLY
    8 00000000                 ENTRY
    9 00000000                 EXPORT           Reset_Handler
   10 00000000         Reset_Handler
   11 00000000 480C            LDR              R0, =N1
   12 00000002 490D            LDR              R1, =RES
   13 00000004 6802            LDR              R2, [R0]
   14 00000006 F000 F802       BL               Fact
   15 0000000A 600A            STR              R2, [R1]
   16 0000000C         STOP
   17 0000000C E7FE            B                STOP
   18 0000000E         Fact
   19 0000000E B508            PUSH             {R3, LR}
   20 00000010 4613            MOV              R3, R2
   21 00000012 2A00            CMP              R2, #0
   22 00000014 D102            BNE              down
   23 00000016 F04F 0201       MOV              R2, #1
   24 0000001A E006            B                down1
   25 0000001C         down
   26 0000001C F1A2 0201       SUB              R2, #1
   27 00000020 F7FF FFF5       BL               Fact
   28 00000024 461C            MOV              R4, R3
   29 00000026 FB02 F204       MUL              R2, R4
   30 0000002A         down1
   31 0000002A E8BD 4008       POP              {R3, LR}
   32 0000002E 4770            BX               LR
   33 00000030 00000004 
                       N1      DCD              0x4
   34 00000034 00000000 
              00000000         AREA             mydata, DATA, READWRITE
   35 00000000 00000000 
                       RES     DCD              0
   36 00000004                 END
Command Line: --debug --xref --cpu=Cortex-M3 --apcs=interwork --depend=.\factor
ial.d -o.\factorial.o -IC:\Keil\ARM\RV31\INC -IC:\Keil\ARM\CMSIS\Include -IC:\K
eil\ARM\Inc\NXP\LPC17xx --predefine="__EVAL SETA 1" --list=.\factorial.lst Fact
orial\Factorial.s



ARM Macro Assembler    Page 1 Alphabetic symbol ordering
Relocatable symbols

RESET 00000000

Symbol: RESET
   Definitions
      At line 1 in file Factorial\Factorial.s
   Uses
      None
Comment: RESET unused
__Vectors 00000000

Symbol: __Vectors
   Definitions
      At line 3 in file Factorial\Factorial.s
   Uses
      At line 2 in file Factorial\Factorial.s
Comment: __Vectors used once
2 symbols



ARM Macro Assembler    Page 1 Alphabetic symbol ordering
Relocatable symbols

Fact 0000000E

Symbol: Fact
   Definitions
      At line 18 in file Factorial\Factorial.s
   Uses
      At line 14 in file Factorial\Factorial.s
      At line 27 in file Factorial\Factorial.s

N1 00000030

Symbol: N1
   Definitions
      At line 33 in file Factorial\Factorial.s
   Uses
      At line 11 in file Factorial\Factorial.s
Comment: N1 used once
Reset_Handler 00000000

Symbol: Reset_Handler
   Definitions
      At line 10 in file Factorial\Factorial.s
   Uses
      At line 5 in file Factorial\Factorial.s
      At line 9 in file Factorial\Factorial.s

STOP 0000000C

Symbol: STOP
   Definitions
      At line 16 in file Factorial\Factorial.s
   Uses
      At line 17 in file Factorial\Factorial.s
Comment: STOP used once
down 0000001C

Symbol: down
   Definitions
      At line 25 in file Factorial\Factorial.s
   Uses
      At line 22 in file Factorial\Factorial.s
Comment: down used once
down1 0000002A

Symbol: down1
   Definitions
      At line 30 in file Factorial\Factorial.s
   Uses
      At line 24 in file Factorial\Factorial.s
Comment: down1 used once
mycode 00000000

Symbol: mycode
   Definitions
      At line 7 in file Factorial\Factorial.s
   Uses
      None
Comment: mycode unused
7 symbols



ARM Macro Assembler    Page 1 Alphabetic symbol ordering
Relocatable symbols

RES 00000000

Symbol: RES
   Definitions
      At line 35 in file Factorial\Factorial.s
   Uses
      At line 12 in file Factorial\Factorial.s
Comment: RES used once
mydata 00000000

Symbol: mydata
   Definitions
      At line 34 in file Factorial\Factorial.s
   Uses
      None
Comment: mydata unused
2 symbols
344 symbols in table
