


ARM Macro Assembler    Page 1 


    1 00000000                 AREA             RESET,DATA,READONLY
    2 00000000                 EXPORT           __Vectors
    3 00000000         
    4 00000000         __Vectors
    5 00000000 40001000        DCD              0x40001000
    6 00000004 00000000        DCD              Reset_Handler
    7 00000008                 ALIGN
    8 00000008                 AREA             mycode, CODE, READONLY
    9 00000000                 ENTRY
   10 00000000                 EXPORT           Reset_Handler
   11 00000000         Reset_Handler
   12 00000000 4806            LDR              R0, =src
   13 00000002 4907            LDR              R1, =dst
   14 00000004 F04F 0200       MOV              R2, #0
   15 00000008 6803            LDR              R3, [R0]
   16 0000000A FB03 3203       MLA              R2, R3, R3, R3
   17 0000000E EA4F 0252       LSR              R2, #1
   18 00000012 600A            STR              R2, [R1]
   19 00000014         STOP
   20 00000014 E7FE            B                STOP
   21 00000016 00 00 00000005 
                       src     DCD              5
   22 0000001C 00000000 
              00000000         AREA             mydata, DATA, READWRITE
   23 00000000 00000000 
                       dst     DCD              0
   24 00000004                 END
Command Line: --debug --xref --cpu=Cortex-M3 --apcs=interwork --depend=.\sumn.d
 -o.\sumn.o -IC:\Keil\ARM\RV31\INC -IC:\Keil\ARM\CMSIS\Include -IC:\Keil\ARM\In
c\NXP\LPC17xx --predefine="__EVAL SETA 1" --list=.\sumn.lst SumN\SumN.s



ARM Macro Assembler    Page 1 Alphabetic symbol ordering
Relocatable symbols

RESET 00000000

Symbol: RESET
   Definitions
      At line 1 in file SumN\SumN.s
   Uses
      None
Comment: RESET unused
__Vectors 00000000

Symbol: __Vectors
   Definitions
      At line 4 in file SumN\SumN.s
   Uses
      At line 2 in file SumN\SumN.s
Comment: __Vectors used once
2 symbols



ARM Macro Assembler    Page 1 Alphabetic symbol ordering
Relocatable symbols

Reset_Handler 00000000

Symbol: Reset_Handler
   Definitions
      At line 11 in file SumN\SumN.s
   Uses
      At line 6 in file SumN\SumN.s
      At line 10 in file SumN\SumN.s

STOP 00000014

Symbol: STOP
   Definitions
      At line 19 in file SumN\SumN.s
   Uses
      At line 20 in file SumN\SumN.s
Comment: STOP used once
mycode 00000000

Symbol: mycode
   Definitions
      At line 8 in file SumN\SumN.s
   Uses
      None
Comment: mycode unused
src 00000018

Symbol: src
   Definitions
      At line 21 in file SumN\SumN.s
   Uses
      At line 12 in file SumN\SumN.s
Comment: src used once
4 symbols



ARM Macro Assembler    Page 1 Alphabetic symbol ordering
Relocatable symbols

dst 00000000

Symbol: dst
   Definitions
      At line 23 in file SumN\SumN.s
   Uses
      At line 13 in file SumN\SumN.s
Comment: dst used once
mydata 00000000

Symbol: mydata
   Definitions
      At line 22 in file SumN\SumN.s
   Uses
      None
Comment: mydata unused
2 symbols
341 symbols in table
