


ARM Macro Assembler    Page 1 


    1 00000000                 AREA             RESET, DATA, READONLY
    2 00000000                 EXPORT           __Vectors
    3 00000000         
    4 00000000         __Vectors
    5 00000000 10001000        DCD              0x10001000
    6 00000004 00000000        DCD              Reset_Handler
    7 00000008                 ALIGN
    8 00000008                 AREA             mycode,CODE, READONLY
    9 00000000                 ENTRY
   10 00000000                 EXPORT           Reset_Handler
   11 00000000         
   12 00000000         Reset_Handler
   13 00000000 480C            LDR              R0, =SRC
   14 00000002 F04F 0101       LDR              R1, =1
   15 00000006 F04F 020A       LDR              R2, =10
   16 0000000A F840 1B04 
                       ini     STR              R1, [R0], #4
   17 0000000E F101 0101       ADD              R1, #1
   18 00000012 3A01            SUBS             R2, #1
   19 00000014 D1F9            BNE              ini
   20 00000016 4807            LDR              R0, =SRC
   21 00000018 4906            LDR              R1, =SRC
   22 0000001A F101 0124       ADD              R1, #36
   23 0000001E F04F 0205       MOV              R2, #5
   24 00000022 6803    up      LDR              R3, [R0]
   25 00000024 680C            LDR              R4, [R1]
   26 00000026 F841 3904       STR              R3, [R1], #-4
   27 0000002A F840 4B01       STR              R4, [R0], #1
   28 0000002E 3A01            SUBS             R2, #1
   29 00000030 D1F7            BNE              up
   30 00000032         
   31 00000032         STOP
   32 00000032 E7FE            B                STOP
   33 00000034 00000000 
              00000000 
              00000000         AREA             mydata, DATA, READWRITE
   34 00000000 00000000 
                       SRC     DCD              0
   35 00000004                 END
Command Line: --debug --xref --cpu=Cortex-M3 --apcs=interwork --depend=.\revers
e_10.d -o.\reverse_10.o -IC:\Keil\ARM\RV31\INC -IC:\Keil\ARM\CMSIS\Include -IC:
\Keil\ARM\Inc\NXP\LPC17xx --predefine="__EVAL SETA 1" --list=.\reverse_10.lst R
everse_10.s



ARM Macro Assembler    Page 1 Alphabetic symbol ordering
Relocatable symbols

RESET 00000000

Symbol: RESET
   Definitions
      At line 1 in file Reverse_10.s
   Uses
      None
Comment: RESET unused
__Vectors 00000000

Symbol: __Vectors
   Definitions
      At line 4 in file Reverse_10.s
   Uses
      At line 2 in file Reverse_10.s
Comment: __Vectors used once
2 symbols



ARM Macro Assembler    Page 1 Alphabetic symbol ordering
Relocatable symbols

Reset_Handler 00000000

Symbol: Reset_Handler
   Definitions
      At line 12 in file Reverse_10.s
   Uses
      At line 6 in file Reverse_10.s
      At line 10 in file Reverse_10.s

STOP 00000032

Symbol: STOP
   Definitions
      At line 31 in file Reverse_10.s
   Uses
      At line 32 in file Reverse_10.s
Comment: STOP used once
ini 0000000A

Symbol: ini
   Definitions
      At line 16 in file Reverse_10.s
   Uses
      At line 19 in file Reverse_10.s
Comment: ini used once
mycode 00000000

Symbol: mycode
   Definitions
      At line 8 in file Reverse_10.s
   Uses
      None
Comment: mycode unused
up 00000022

Symbol: up
   Definitions
      At line 24 in file Reverse_10.s
   Uses
      At line 29 in file Reverse_10.s
Comment: up used once
5 symbols



ARM Macro Assembler    Page 1 Alphabetic symbol ordering
Relocatable symbols

SRC 00000000

Symbol: SRC
   Definitions
      At line 34 in file Reverse_10.s
   Uses
      At line 13 in file Reverse_10.s
      At line 20 in file Reverse_10.s
      At line 21 in file Reverse_10.s

mydata 00000000

Symbol: mydata
   Definitions
      At line 33 in file Reverse_10.s
   Uses
      None
Comment: mydata unused
2 symbols
342 symbols in table
