


ARM Macro Assembler    Page 1 


    1 00000000                 AREA             RESET,DATA,READONLY
    2 00000000                 EXPORT           __Vectors
    3 00000000         __Vectors
    4 00000000 10001000        DCD              0x10001000
    5 00000004 00000000        DCD              Reset_Handler
    6 00000008                 ALIGN
    7 00000008                 AREA             mycode,CODE,READONLY
    8 00000000                 ENTRY
    9 00000000                 EXPORT           Reset_Handler
   10 00000000         Reset_Handler
   11 00000000 4809            LDR              R0,=N1
   12 00000002 490A            LDR              R1,=N2
   13 00000004 7802            LDRB             R2,[R0]
   14 00000006 780B            LDRB             R3,[R1]
   15 00000008 429A    BACK    CMP              R2,R3
   16 0000000A D006            BEQ              EXIT
   17 0000000C D202            BCS              DOWN
   18 0000000E EBA3 0302       SUB              R3,R2
   19 00000012 E7F9            B                BACK
   20 00000014 EBA2 0203 
                       DOWN    SUB              R2,R3
   21 00000018 E7F6            B                BACK
   22 0000001A 4805    EXIT    LDR              R0,=DST
   23 0000001C 7002            STRB             R2,[R0]
   24 0000001E         
   25 0000001E E7FE    STOP    B                STOP
   26 00000020 00000030 
                       N1      DCD              48
   27 00000024 00000024 
                       N2      DCD              36
   28 00000028 00000000 
              00000000 
              00000000         AREA             mydata,DATA,READWRITE
   29 00000000 00000000 
                       DST     DCD              0
   30 00000004                 END
Command Line: --debug --xref --cpu=Cortex-M3 --apcs=interwork --depend=.\gcd.d 
-o.\gcd.o -IC:\Keil\ARM\RV31\INC -IC:\Keil\ARM\CMSIS\Include -IC:\Keil\ARM\Inc\
NXP\LPC17xx --predefine="__EVAL SETA 1" --list=.\gcd.lst "GCD and LCM\Gcd.s"



ARM Macro Assembler    Page 1 Alphabetic symbol ordering
Relocatable symbols

RESET 00000000

Symbol: RESET
   Definitions
      At line 1 in file GCD
   Uses
      None
Comment: RESET unused
__Vectors 00000000

Symbol: __Vectors
   Definitions
      At line 3 in file GCD
   Uses
      At line 2 in file GCD
Comment: __Vectors used once
2 symbols



ARM Macro Assembler    Page 1 Alphabetic symbol ordering
Relocatable symbols

BACK 00000008

Symbol: BACK
   Definitions
      At line 15 in file GCD
   Uses
      At line 19 in file GCD
      At line 21 in file GCD

DOWN 00000014

Symbol: DOWN
   Definitions
      At line 20 in file GCD
   Uses
      At line 17 in file GCD
Comment: DOWN used once
EXIT 0000001A

Symbol: EXIT
   Definitions
      At line 22 in file GCD
   Uses
      At line 16 in file GCD
Comment: EXIT used once
N1 00000020

Symbol: N1
   Definitions
      At line 26 in file GCD
   Uses
      At line 11 in file GCD
Comment: N1 used once
N2 00000024

Symbol: N2
   Definitions
      At line 27 in file GCD
   Uses
      At line 12 in file GCD
Comment: N2 used once
Reset_Handler 00000000

Symbol: Reset_Handler
   Definitions
      At line 10 in file GCD
   Uses
      At line 5 in file GCD
      At line 9 in file GCD

STOP 0000001E

Symbol: STOP
   Definitions
      At line 25 in file GCD
   Uses
      At line 25 in file GCD
Comment: STOP used once
mycode 00000000



ARM Macro Assembler    Page 2 Alphabetic symbol ordering
Relocatable symbols


Symbol: mycode
   Definitions
      At line 7 in file GCD
   Uses
      None
Comment: mycode unused
8 symbols



ARM Macro Assembler    Page 1 Alphabetic symbol ordering
Relocatable symbols

DST 00000000

Symbol: DST
   Definitions
      At line 29 in file GCD
   Uses
      At line 22 in file GCD
Comment: DST used once
mydata 00000000

Symbol: mydata
   Definitions
      At line 28 in file GCD
   Uses
      None
Comment: mydata unused
2 symbols
345 symbols in table
